<?xml version="1.0" encoding="UTF-8"?>
<!-- Generated by org.testng.reporters.JUnitReportReporter -->
<testsuite hostname="DTP-TVR2-IND" failures="0" tests="1" name="RestAPI.PostRequest" time="1.134" errors="0" timestamp="25 Aug 2023 11:22:34 GMT" skipped="0">
  <testcase classname="RestAPI.PostRequest" name="test1" time="1.134"/>
</testsuite> <!-- RestAPI.PostRequest -->
