<?xml version="1.0" encoding="UTF-8"?>
<!-- Generated by org.testng.reporters.JUnitReportReporter -->
<testsuite hostname="DTP-TVR2-IND" failures="0" tests="1" name="RestAPI.PutRequest" time="1.364" errors="0" timestamp="29 Aug 2023 11:05:20 GMT" skipped="0">
  <testcase classname="RestAPI.PutRequest" name="test1" time="1.364"/>
</testsuite> <!-- RestAPI.PutRequest -->
