<?xml version="1.0" encoding="UTF-8"?>
<!-- Generated by org.testng.reporters.JUnitReportReporter -->
<testsuite hostname="DTP-TVR2-IND" failures="0" tests="1" name="RestAPI.DeleteRequest" time="1.307" errors="0" timestamp="29 Aug 2023 11:12:46 GMT" skipped="0">
  <testcase classname="RestAPI.DeleteRequest" name="test1" time="1.307"/>
</testsuite> <!-- RestAPI.DeleteRequest -->
