<?xml version="1.0" encoding="UTF-8"?>
<!-- Generated by org.testng.reporters.JUnitReportReporter -->
<testsuite hostname="DTP-TVR2-IND" failures="0" tests="1" name="SpringbootApp.PostNewEmployee" time="1.408" errors="0" timestamp="08 Sep 2023 05:51:52 GMT" skipped="0">
  <testcase classname="SpringbootApp.PostNewEmployee" name="test1" time="1.408"/>
</testsuite> <!-- SpringbootApp.PostNewEmployee -->
