<?xml version="1.0" encoding="UTF-8"?>
<!-- Generated by org.testng.reporters.JUnitReportReporter -->
<testsuite hostname="DTP-TVR2-IND" failures="0" tests="1" name="RestAPI.GetRequestAPI" time="1.556" errors="0" timestamp="25 Aug 2023 10:46:40 GMT" skipped="0">
  <testcase classname="RestAPI.GetRequestAPI" name="test1" time="1.556"/>
</testsuite> <!-- RestAPI.GetRequestAPI -->
