<?xml version="1.0" encoding="UTF-8"?>
<!-- Generated by org.testng.reporters.JUnitReportReporter -->
<testsuite hostname="DTP-TVR2-IND" failures="0" tests="2" name="RestAPIXML.XMLTest" time="2.076" errors="0" timestamp="09 Sep 2023 17:19:35 GMT" skipped="0">
  <testcase classname="RestAPIXML.XMLTest" name="Test2" time="0.641"/>
  <testcase classname="RestAPIXML.XMLTest" name="Test1" time="1.435"/>
</testsuite> <!-- RestAPIXML.XMLTest -->
