<?xml version="1.0" encoding="UTF-8"?>
<!-- Generated by org.testng.reporters.JUnitReportReporter -->
<testsuite hostname="DTP-TVR2-IND" failures="0" tests="1" name="RestAPI.PostRequestWithFile" time="1.274" errors="0" timestamp="29 Aug 2023 10:44:24 GMT" skipped="0">
  <testcase classname="RestAPI.PostRequestWithFile" name="test1" time="1.274"/>
</testsuite> <!-- RestAPI.PostRequestWithFile -->
