<?xml version="1.0" encoding="UTF-8"?>
<!-- Generated by org.testng.reporters.JUnitReportReporter -->
<testsuite hostname="DTP-TVR2-IND" failures="0" tests="1" name="RestAPI.PostRequestWithJsonObject" time="1.233" errors="0" timestamp="29 Aug 2023 10:29:07 GMT" skipped="0">
  <testcase classname="RestAPI.PostRequestWithJsonObject" name="test1" time="1.233"/>
</testsuite> <!-- RestAPI.PostRequestWithJsonObject -->
