<?xml version="1.0" encoding="UTF-8"?>
<!-- Generated by org.testng.reporters.JUnitReportReporter -->
<testsuite hostname="DTP-TVR2-IND" failures="0" tests="1" name="RestAPI.PostRequestWithMap" time="1.551" errors="0" timestamp="28 Aug 2023 07:15:08 GMT" skipped="0">
  <testcase classname="RestAPI.PostRequestWithMap" name="test1" time="1.551"/>
</testsuite> <!-- RestAPI.PostRequestWithMap -->
